Activating conda environment
Restoring modules from user's default
param.sh done
Linux h22-login-24.rcc.fsu.edu 4.18.0-372.32.1.el8_6.x86_64 #1 SMP Tue Oct 25 05:53:57 EDT 2022 x86_64 x86_64 x86_64 GNU/Linux
Starting a restore
touch done
datea = 2017042706
ASSIM_INT_HOURS = 6
datep = 2017042700
gdate = 152057
gdatef = 152057
wdate = 2017042706
hh = 06
Ready to check inputs
This platform is slurm and the job submission command is srun --partition=chipilskigroup_q --time=00:05:00 --output=/gpfs/home/sa24m/scratch/base/rundir/ic_gen.log --ntasks=1 --account=chipilskigroup_q
domains = 1
domains = 1
dchar = 01
Submitted batch job 10564642
06:59:00
hours = 06
minutes = 59
filter_thresh = 25140
